#
# There is insufficient memory for the Java Runtime Environment to continue.
# Native memory allocation (malloc) failed to allocate 32744 bytes for Chunk::new
# Possible reasons:
#   The system is out of physical RAM or swap space
#   The process is running with CompressedOops enabled, and the Java Heap may be blocking the growth of the native heap
# Possible solutions:
#   Reduce memory load on the system
#   Increase physical memory or swap space
#   Check if swap backing store is full
#   Decrease Java heap size (-Xmx/-Xms)
#   Decrease number of Java threads
#   Decrease Java thread stack sizes (-Xss)
#   Set larger code cache with -XX:ReservedCodeCacheSize=
#   JVM is running with Unscaled Compressed Oops mode in which the Java heap is
#     placed in the first 4GB address space. The Java Heap base address is the
#     maximum limit for the native heap growth. Please use -XX:HeapBaseMinAddress
#     to set the Java Heap base and to place the Java Heap above 4GB virtual address.
# This output file may be truncated or incomplete.
#
#  Out of Memory Error (arena.cpp:184), pid=27232, tid=26564
#
# JRE version: Java(TM) SE Runtime Environment (20.0.2+9) (build 20.0.2+9-78)
# Java VM: Java HotSpot(TM) 64-Bit Server VM (20.0.2+9-78, mixed mode, sharing, tiered, compressed oops, compressed class ptrs, g1 gc, windows-amd64)
# No core dump will be written. Minidumps are not enabled by default on client versions of Windows
#

---------------  S U M M A R Y ------------

Command Line: com.book.BookMain

Host: Intel(R) Core(TM) i7-8550U CPU @ 1.80GHz, 8 cores, 7G,  Windows 10 , 64 bit Build 21996 (10.0.21996.1)
Time: Sun Jan 19 23:00:55 2025 India Standard Time elapsed time: 19.716753 seconds (0d 0h 0m 19s)

---------------  T H R E A D  ---------------

Current thread (0x0000027af73d8a60):  JavaThread "C1 CompilerThread0" daemon [_thread_in_native, id=26564, stack(0x000000eae3a00000,0x000000eae3b00000)]


Current CompileTask:
C1:  19716 1695       3       java.awt.geom.AffineTransform::concatenate (1082 bytes)

Stack: [0x000000eae3a00000,0x000000eae3b00000]
Native frames: (J=compiled Java code, j=interpreted, Vv=VM code, C=native code)
V  [jvm.dll+0x6bc25a]
V  [jvm.dll+0x84971a]
V  [jvm.dll+0x84b315]
V  [jvm.dll+0x84ba13]
V  [jvm.dll+0x280e4f]
V  [jvm.dll+0xc2ab1]
V  [jvm.dll+0xc2dd5]
V  [jvm.dll+0x1b20f0]
V  [jvm.dll+0x157fcd]
V  [jvm.dll+0x158253]
V  [jvm.dll+0x158514]
V  [jvm.dll+0x157956]
V  [jvm.dll+0x15968d]
V  [jvm.dll+0x25a0eb]
V  [jvm.dll+0x2587c0]
V  [jvm.dll+0x3f2dd5]
V  [jvm.dll+0x7f5c76]
V  [jvm.dll+0x6baecb]
C  [ucrtbase.dll+0x26c0c]
C  [KERNEL32.DLL+0x154e0]
C  [ntdll.dll+0x485b]


---------------  P R O C E S S  ---------------

Threads class SMR info:
_java_thread_list=0x0000027afb89f940, length=16, elements={
0x0000027af73a60c0, 0x0000027af73a6cc0, 0x0000027af73a7c00, 0x0000027af73a9680,
0x0000027af73ab170, 0x0000027af73adda0, 0x0000027af73d6f30, 0x0000027af73d8a60,
0x0000027afb946c20, 0x0000027afb94f860, 0x0000027afbb17d40, 0x0000027afbb196b0,
0x0000027afbb1ac20, 0x0000027afbb41f90, 0x0000027ad8a1dff0, 0x0000027afc8c01a0
}

Java Threads: ( => current thread )
  0x0000027af73a60c0 JavaThread "Reference Handler" daemon [_thread_blocked, id=18676, stack(0x000000eae3300000,0x000000eae3400000)]
  0x0000027af73a6cc0 JavaThread "Finalizer" daemon [_thread_blocked, id=26964, stack(0x000000eae3400000,0x000000eae3500000)]
  0x0000027af73a7c00 JavaThread "Signal Dispatcher" daemon [_thread_blocked, id=13148, stack(0x000000eae3500000,0x000000eae3600000)]
  0x0000027af73a9680 JavaThread "Attach Listener" daemon [_thread_blocked, id=28528, stack(0x000000eae3600000,0x000000eae3700000)]
  0x0000027af73ab170 JavaThread "Service Thread" daemon [_thread_blocked, id=10884, stack(0x000000eae3700000,0x000000eae3800000)]
  0x0000027af73adda0 JavaThread "Monitor Deflation Thread" daemon [_thread_blocked, id=12200, stack(0x000000eae3800000,0x000000eae3900000)]
  0x0000027af73d6f30 JavaThread "C2 CompilerThread0" daemon [_thread_in_native, id=15184, stack(0x000000eae3900000,0x000000eae3a00000)]
=>0x0000027af73d8a60 JavaThread "C1 CompilerThread0" daemon [_thread_in_native, id=26564, stack(0x000000eae3a00000,0x000000eae3b00000)]
  0x0000027afb946c20 JavaThread "Notification Thread" daemon [_thread_blocked, id=18372, stack(0x000000eae3b00000,0x000000eae3c00000)]
  0x0000027afb94f860 JavaThread "Common-Cleaner" daemon [_thread_blocked, id=19100, stack(0x000000eae3d00000,0x000000eae3e00000)]
  0x0000027afbb17d40 JavaThread "Java2D Disposer" daemon [_thread_blocked, id=7376, stack(0x000000eae3e00000,0x000000eae3f00000)]
  0x0000027afbb196b0 JavaThread "AWT-Shutdown" [_thread_blocked, id=12152, stack(0x000000eae3f00000,0x000000eae4000000)]
  0x0000027afbb1ac20 JavaThread "AWT-Windows" daemon [_thread_in_native, id=23220, stack(0x000000eae4000000,0x000000eae4100000)]
  0x0000027afbb41f90 JavaThread "AWT-EventQueue-0" [_thread_blocked, id=28660, stack(0x000000eae4100000,0x000000eae4200000)]
  0x0000027ad8a1dff0 JavaThread "DestroyJavaVM" [_thread_blocked, id=25516, stack(0x000000eae2c00000,0x000000eae2d00000)]
  0x0000027afc8c01a0 JavaThread "TimerQueue" daemon [_thread_blocked, id=21520, stack(0x000000eae4500000,0x000000eae4600000)]

Other Threads:
  0x0000027af7388190 VMThread "VM Thread" [stack: 0x000000eae3200000,0x000000eae3300000] [id=24428]
  0x0000027afb94c3b0 WatcherThread "VM Periodic Task Thread" [stack: 0x000000eae3c00000,0x000000eae3d00000] [id=11296]
  0x0000027ad8b7e1c0 WorkerThread "GC Thread#0" [stack: 0x000000eae2d00000,0x000000eae2e00000] [id=21232]
  0x0000027ad8b8e7a0 ConcurrentGCThread "G1 Main Marker" [stack: 0x000000eae2e00000,0x000000eae2f00000] [id=10952]
  0x0000027ad8b8f280 WorkerThread "G1 Conc#0" [stack: 0x000000eae2f00000,0x000000eae3000000] [id=19828]
  0x0000027af72450e0 ConcurrentGCThread "G1 Refine#0" [stack: 0x000000eae3000000,0x000000eae3100000] [id=29660]
  0x0000027af72489b0 ConcurrentGCThread "G1 Service" [stack: 0x000000eae3100000,0x000000eae3200000] [id=10468]

Threads with active compile tasks:
C2 CompilerThread0    19772 1693       4       java.awt.Container::getMouseEventTarget (50 bytes)
C1 CompilerThread0    19772 1695       3       java.awt.geom.AffineTransform::concatenate (1082 bytes)

VM state: not at safepoint (normal execution)

VM Mutex/Monitor currently owned by a thread: None

Heap address: 0x0000000084200000, size: 1982 MB, Compressed Oops mode: 32-bit

CDS archive(s) mapped at: [0x0000027a80000000-0x0000027a80c60000-0x0000027a80c60000), size 12976128, SharedBaseAddress: 0x0000027a80000000, ArchiveRelocationMode: 1.
Compressed class space mapped at: 0x0000027a81000000-0x0000027ac1000000, reserved size: 1073741824
Narrow klass base: 0x0000027a80000000, Narrow klass shift: 0, Narrow klass range: 0x100000000

GC Precious Log:
 CardTable entry size: 512
 Card Set container configuration: InlinePtr #cards 5 size 8 Array Of Cards #cards 12 size 40 Howl #buckets 4 coarsen threshold 1843 Howl Bitmap #cards 512 size 80 coarsen threshold 460 Card regions per heap region 1 cards per card region 2048
 CPUs: 8 total, 8 available
 Memory: 7924M
 Large Page Support: Disabled
 NUMA Support: Disabled
 Compressed Oops: Enabled (32-bit)
 Heap Region Size: 1M
 Heap Min Capacity: 8M
 Heap Initial Capacity: 124M
 Heap Max Capacity: 1982M
 Pre-touch: Disabled
 Parallel Workers: 8
 Concurrent Workers: 2
 Concurrent Refinement Workers: 8
 Periodic GC: Disabled

Heap:
 garbage-first heap   total 126976K, used 19456K [0x0000000084200000, 0x0000000100000000)
  region size 1024K, 14 young (14336K), 0 survivors (0K)
 Metaspace       used 11231K, committed 11456K, reserved 1114112K
  class space    used 1289K, committed 1408K, reserved 1048576K

Heap Regions: E=young(eden), S=young(survivor), O=old, HS=humongous(starts), HC=humongous(continues), CS=collection set, F=free, OA=open archive, CA=closed archive, TAMS=top-at-mark-start, PB=parsable bottom
|   0|0x0000000084200000, 0x0000000084300000, 0x0000000084300000|100%|HS|  |TAMS 0x0000000084200000| PB 0x0000000084200000| Complete 
|   1|0x0000000084300000, 0x0000000084400000, 0x0000000084400000|100%|HC|  |TAMS 0x0000000084300000| PB 0x0000000084300000| Complete 
|   2|0x0000000084400000, 0x0000000084500000, 0x0000000084500000|100%|HS|  |TAMS 0x0000000084400000| PB 0x0000000084400000| Complete 
|   3|0x0000000084500000, 0x0000000084600000, 0x0000000084600000|100%|HC|  |TAMS 0x0000000084500000| PB 0x0000000084500000| Complete 
|   4|0x0000000084600000, 0x0000000084700000, 0x0000000084700000|100%|HC|  |TAMS 0x0000000084600000| PB 0x0000000084600000| Complete 
|   5|0x0000000084700000, 0x0000000084800000, 0x0000000084800000|100%|HC|  |TAMS 0x0000000084700000| PB 0x0000000084700000| Complete 
|   6|0x0000000084800000, 0x0000000084800000, 0x0000000084900000|  0%| F|  |TAMS 0x0000000084800000| PB 0x0000000084800000| Untracked 
|   7|0x0000000084900000, 0x0000000084900000, 0x0000000084a00000|  0%| F|  |TAMS 0x0000000084900000| PB 0x0000000084900000| Untracked 
|   8|0x0000000084a00000, 0x0000000084a00000, 0x0000000084b00000|  0%| F|  |TAMS 0x0000000084a00000| PB 0x0000000084a00000| Untracked 
|   9|0x0000000084b00000, 0x0000000084b00000, 0x0000000084c00000|  0%| F|  |TAMS 0x0000000084b00000| PB 0x0000000084b00000| Untracked 
|  10|0x0000000084c00000, 0x0000000084c00000, 0x0000000084d00000|  0%| F|  |TAMS 0x0000000084c00000| PB 0x0000000084c00000| Untracked 
|  11|0x0000000084d00000, 0x0000000084d00000, 0x0000000084e00000|  0%| F|  |TAMS 0x0000000084d00000| PB 0x0000000084d00000| Untracked 
|  12|0x0000000084e00000, 0x0000000084e00000, 0x0000000084f00000|  0%| F|  |TAMS 0x0000000084e00000| PB 0x0000000084e00000| Untracked 
|  13|0x0000000084f00000, 0x0000000084f00000, 0x0000000085000000|  0%| F|  |TAMS 0x0000000084f00000| PB 0x0000000084f00000| Untracked 
|  14|0x0000000085000000, 0x0000000085000000, 0x0000000085100000|  0%| F|  |TAMS 0x0000000085000000| PB 0x0000000085000000| Untracked 
|  15|0x0000000085100000, 0x0000000085100000, 0x0000000085200000|  0%| F|  |TAMS 0x0000000085100000| PB 0x0000000085100000| Untracked 
|  16|0x0000000085200000, 0x0000000085200000, 0x0000000085300000|  0%| F|  |TAMS 0x0000000085200000| PB 0x0000000085200000| Untracked 
|  17|0x0000000085300000, 0x0000000085300000, 0x0000000085400000|  0%| F|  |TAMS 0x0000000085300000| PB 0x0000000085300000| Untracked 
|  18|0x0000000085400000, 0x0000000085400000, 0x0000000085500000|  0%| F|  |TAMS 0x0000000085400000| PB 0x0000000085400000| Untracked 
|  19|0x0000000085500000, 0x0000000085500000, 0x0000000085600000|  0%| F|  |TAMS 0x0000000085500000| PB 0x0000000085500000| Untracked 
|  20|0x0000000085600000, 0x0000000085600000, 0x0000000085700000|  0%| F|  |TAMS 0x0000000085600000| PB 0x0000000085600000| Untracked 
|  21|0x0000000085700000, 0x0000000085700000, 0x0000000085800000|  0%| F|  |TAMS 0x0000000085700000| PB 0x0000000085700000| Untracked 
|  22|0x0000000085800000, 0x0000000085800000, 0x0000000085900000|  0%| F|  |TAMS 0x0000000085800000| PB 0x0000000085800000| Untracked 
|  23|0x0000000085900000, 0x0000000085900000, 0x0000000085a00000|  0%| F|  |TAMS 0x0000000085900000| PB 0x0000000085900000| Untracked 
|  24|0x0000000085a00000, 0x0000000085a00000, 0x0000000085b00000|  0%| F|  |TAMS 0x0000000085a00000| PB 0x0000000085a00000| Untracked 
|  25|0x0000000085b00000, 0x0000000085b00000, 0x0000000085c00000|  0%| F|  |TAMS 0x0000000085b00000| PB 0x0000000085b00000| Untracked 
|  26|0x0000000085c00000, 0x0000000085c00000, 0x0000000085d00000|  0%| F|  |TAMS 0x0000000085c00000| PB 0x0000000085c00000| Untracked 
|  27|0x0000000085d00000, 0x0000000085d00000, 0x0000000085e00000|  0%| F|  |TAMS 0x0000000085d00000| PB 0x0000000085d00000| Untracked 
|  28|0x0000000085e00000, 0x0000000085e00000, 0x0000000085f00000|  0%| F|  |TAMS 0x0000000085e00000| PB 0x0000000085e00000| Untracked 
|  29|0x0000000085f00000, 0x0000000085f00000, 0x0000000086000000|  0%| F|  |TAMS 0x0000000085f00000| PB 0x0000000085f00000| Untracked 
|  30|0x0000000086000000, 0x0000000086000000, 0x0000000086100000|  0%| F|  |TAMS 0x0000000086000000| PB 0x0000000086000000| Untracked 
|  31|0x0000000086100000, 0x0000000086100000, 0x0000000086200000|  0%| F|  |TAMS 0x0000000086100000| PB 0x0000000086100000| Untracked 
|  32|0x0000000086200000, 0x0000000086200000, 0x0000000086300000|  0%| F|  |TAMS 0x0000000086200000| PB 0x0000000086200000| Untracked 
|  33|0x0000000086300000, 0x0000000086300000, 0x0000000086400000|  0%| F|  |TAMS 0x0000000086300000| PB 0x0000000086300000| Untracked 
|  34|0x0000000086400000, 0x0000000086400000, 0x0000000086500000|  0%| F|  |TAMS 0x0000000086400000| PB 0x0000000086400000| Untracked 
|  35|0x0000000086500000, 0x0000000086500000, 0x0000000086600000|  0%| F|  |TAMS 0x0000000086500000| PB 0x0000000086500000| Untracked 
|  36|0x0000000086600000, 0x0000000086600000, 0x0000000086700000|  0%| F|  |TAMS 0x0000000086600000| PB 0x0000000086600000| Untracked 
|  37|0x0000000086700000, 0x0000000086700000, 0x0000000086800000|  0%| F|  |TAMS 0x0000000086700000| PB 0x0000000086700000| Untracked 
|  38|0x0000000086800000, 0x0000000086800000, 0x0000000086900000|  0%| F|  |TAMS 0x0000000086800000| PB 0x0000000086800000| Untracked 
|  39|0x0000000086900000, 0x0000000086900000, 0x0000000086a00000|  0%| F|  |TAMS 0x0000000086900000| PB 0x0000000086900000| Untracked 
|  40|0x0000000086a00000, 0x0000000086a00000, 0x0000000086b00000|  0%| F|  |TAMS 0x0000000086a00000| PB 0x0000000086a00000| Untracked 
|  41|0x0000000086b00000, 0x0000000086b00000, 0x0000000086c00000|  0%| F|  |TAMS 0x0000000086b00000| PB 0x0000000086b00000| Untracked 
|  42|0x0000000086c00000, 0x0000000086c00000, 0x0000000086d00000|  0%| F|  |TAMS 0x0000000086c00000| PB 0x0000000086c00000| Untracked 
|  43|0x0000000086d00000, 0x0000000086d00000, 0x0000000086e00000|  0%| F|  |TAMS 0x0000000086d00000| PB 0x0000000086d00000| Untracked 
|  44|0x0000000086e00000, 0x0000000086e00000, 0x0000000086f00000|  0%| F|  |TAMS 0x0000000086e00000| PB 0x0000000086e00000| Untracked 
|  45|0x0000000086f00000, 0x0000000086f00000, 0x0000000087000000|  0%| F|  |TAMS 0x0000000086f00000| PB 0x0000000086f00000| Untracked 
|  46|0x0000000087000000, 0x0000000087000000, 0x0000000087100000|  0%| F|  |TAMS 0x0000000087000000| PB 0x0000000087000000| Untracked 
|  47|0x0000000087100000, 0x0000000087100000, 0x0000000087200000|  0%| F|  |TAMS 0x0000000087100000| PB 0x0000000087100000| Untracked 
|  48|0x0000000087200000, 0x0000000087200000, 0x0000000087300000|  0%| F|  |TAMS 0x0000000087200000| PB 0x0000000087200000| Untracked 
|  49|0x0000000087300000, 0x0000000087300000, 0x0000000087400000|  0%| F|  |TAMS 0x0000000087300000| PB 0x0000000087300000| Untracked 
|  50|0x0000000087400000, 0x0000000087400000, 0x0000000087500000|  0%| F|  |TAMS 0x0000000087400000| PB 0x0000000087400000| Untracked 
|  51|0x0000000087500000, 0x0000000087500000, 0x0000000087600000|  0%| F|  |TAMS 0x0000000087500000| PB 0x0000000087500000| Untracked 
|  52|0x0000000087600000, 0x0000000087600000, 0x0000000087700000|  0%| F|  |TAMS 0x0000000087600000| PB 0x0000000087600000| Untracked 
|  53|0x0000000087700000, 0x0000000087700000, 0x0000000087800000|  0%| F|  |TAMS 0x0000000087700000| PB 0x0000000087700000| Untracked 
|  54|0x0000000087800000, 0x0000000087800000, 0x0000000087900000|  0%| F|  |TAMS 0x0000000087800000| PB 0x0000000087800000| Untracked 
|  55|0x0000000087900000, 0x0000000087900000, 0x0000000087a00000|  0%| F|  |TAMS 0x0000000087900000| PB 0x0000000087900000| Untracked 
|  56|0x0000000087a00000, 0x0000000087a00000, 0x0000000087b00000|  0%| F|  |TAMS 0x0000000087a00000| PB 0x0000000087a00000| Untracked 
|  57|0x0000000087b00000, 0x0000000087b00000, 0x0000000087c00000|  0%| F|  |TAMS 0x0000000087b00000| PB 0x0000000087b00000| Untracked 
|  58|0x0000000087c00000, 0x0000000087c00000, 0x0000000087d00000|  0%| F|  |TAMS 0x0000000087c00000| PB 0x0000000087c00000| Untracked 
|  59|0x0000000087d00000, 0x0000000087d00000, 0x0000000087e00000|  0%| F|  |TAMS 0x0000000087d00000| PB 0x0000000087d00000| Untracked 
|  60|0x0000000087e00000, 0x0000000087e00000, 0x0000000087f00000|  0%| F|  |TAMS 0x0000000087e00000| PB 0x0000000087e00000| Untracked 
|  61|0x0000000087f00000, 0x0000000087f00000, 0x0000000088000000|  0%| F|  |TAMS 0x0000000087f00000| PB 0x0000000087f00000| Untracked 
|  62|0x0000000088000000, 0x0000000088000000, 0x0000000088100000|  0%| F|  |TAMS 0x0000000088000000| PB 0x0000000088000000| Untracked 
|  63|0x0000000088100000, 0x0000000088100000, 0x0000000088200000|  0%| F|  |TAMS 0x0000000088100000| PB 0x0000000088100000| Untracked 
|  64|0x0000000088200000, 0x0000000088200000, 0x0000000088300000|  0%| F|  |TAMS 0x0000000088200000| PB 0x0000000088200000| Untracked 
|  65|0x0000000088300000, 0x0000000088300000, 0x0000000088400000|  0%| F|  |TAMS 0x0000000088300000| PB 0x0000000088300000| Untracked 
|  66|0x0000000088400000, 0x0000000088400000, 0x0000000088500000|  0%| F|  |TAMS 0x0000000088400000| PB 0x0000000088400000| Untracked 
|  67|0x0000000088500000, 0x0000000088500000, 0x0000000088600000|  0%| F|  |TAMS 0x0000000088500000| PB 0x0000000088500000| Untracked 
|  68|0x0000000088600000, 0x0000000088600000, 0x0000000088700000|  0%| F|  |TAMS 0x0000000088600000| PB 0x0000000088600000| Untracked 
|  69|0x0000000088700000, 0x0000000088700000, 0x0000000088800000|  0%| F|  |TAMS 0x0000000088700000| PB 0x0000000088700000| Untracked 
|  70|0x0000000088800000, 0x0000000088800000, 0x0000000088900000|  0%| F|  |TAMS 0x0000000088800000| PB 0x0000000088800000| Untracked 
|  71|0x0000000088900000, 0x0000000088900000, 0x0000000088a00000|  0%| F|  |TAMS 0x0000000088900000| PB 0x0000000088900000| Untracked 
|  72|0x0000000088a00000, 0x0000000088a00000, 0x0000000088b00000|  0%| F|  |TAMS 0x0000000088a00000| PB 0x0000000088a00000| Untracked 
|  73|0x0000000088b00000, 0x0000000088b00000, 0x0000000088c00000|  0%| F|  |TAMS 0x0000000088b00000| PB 0x0000000088b00000| Untracked 
|  74|0x0000000088c00000, 0x0000000088c00000, 0x0000000088d00000|  0%| F|  |TAMS 0x0000000088c00000| PB 0x0000000088c00000| Untracked 
|  75|0x0000000088d00000, 0x0000000088d00000, 0x0000000088e00000|  0%| F|  |TAMS 0x0000000088d00000| PB 0x0000000088d00000| Untracked 
|  76|0x0000000088e00000, 0x0000000088e00000, 0x0000000088f00000|  0%| F|  |TAMS 0x0000000088e00000| PB 0x0000000088e00000| Untracked 
|  77|0x0000000088f00000, 0x0000000088f00000, 0x0000000089000000|  0%| F|  |TAMS 0x0000000088f00000| PB 0x0000000088f00000| Untracked 
|  78|0x0000000089000000, 0x0000000089000000, 0x0000000089100000|  0%| F|  |TAMS 0x0000000089000000| PB 0x0000000089000000| Untracked 
|  79|0x0000000089100000, 0x0000000089100000, 0x0000000089200000|  0%| F|  |TAMS 0x0000000089100000| PB 0x0000000089100000| Untracked 
|  80|0x0000000089200000, 0x0000000089200000, 0x0000000089300000|  0%| F|  |TAMS 0x0000000089200000| PB 0x0000000089200000| Untracked 
|  81|0x0000000089300000, 0x0000000089300000, 0x0000000089400000|  0%| F|  |TAMS 0x0000000089300000| PB 0x0000000089300000| Untracked 
|  82|0x0000000089400000, 0x0000000089400000, 0x0000000089500000|  0%| F|  |TAMS 0x0000000089400000| PB 0x0000000089400000| Untracked 
|  83|0x0000000089500000, 0x0000000089500000, 0x0000000089600000|  0%| F|  |TAMS 0x0000000089500000| PB 0x0000000089500000| Untracked 
|  84|0x0000000089600000, 0x0000000089600000, 0x0000000089700000|  0%| F|  |TAMS 0x0000000089600000| PB 0x0000000089600000| Untracked 
|  85|0x0000000089700000, 0x0000000089700000, 0x0000000089800000|  0%| F|  |TAMS 0x0000000089700000| PB 0x0000000089700000| Untracked 
|  86|0x0000000089800000, 0x0000000089800000, 0x0000000089900000|  0%| F|  |TAMS 0x0000000089800000| PB 0x0000000089800000| Untracked 
|  87|0x0000000089900000, 0x0000000089900000, 0x0000000089a00000|  0%| F|  |TAMS 0x0000000089900000| PB 0x0000000089900000| Untracked 
|  88|0x0000000089a00000, 0x0000000089a00000, 0x0000000089b00000|  0%| F|  |TAMS 0x0000000089a00000| PB 0x0000000089a00000| Untracked 
|  89|0x0000000089b00000, 0x0000000089b00000, 0x0000000089c00000|  0%| F|  |TAMS 0x0000000089b00000| PB 0x0000000089b00000| Untracked 
|  90|0x0000000089c00000, 0x0000000089c00000, 0x0000000089d00000|  0%| F|  |TAMS 0x0000000089c00000| PB 0x0000000089c00000| Untracked 
|  91|0x0000000089d00000, 0x0000000089d00000, 0x0000000089e00000|  0%| F|  |TAMS 0x0000000089d00000| PB 0x0000000089d00000| Untracked 
|  92|0x0000000089e00000, 0x0000000089e00000, 0x0000000089f00000|  0%| F|  |TAMS 0x0000000089e00000| PB 0x0000000089e00000| Untracked 
|  93|0x0000000089f00000, 0x0000000089f00000, 0x000000008a000000|  0%| F|  |TAMS 0x0000000089f00000| PB 0x0000000089f00000| Untracked 
|  94|0x000000008a000000, 0x000000008a000000, 0x000000008a100000|  0%| F|  |TAMS 0x000000008a000000| PB 0x000000008a000000| Untracked 
|  95|0x000000008a100000, 0x000000008a100000, 0x000000008a200000|  0%| F|  |TAMS 0x000000008a100000| PB 0x000000008a100000| Untracked 
|  96|0x000000008a200000, 0x000000008a200000, 0x000000008a300000|  0%| F|  |TAMS 0x000000008a200000| PB 0x000000008a200000| Untracked 
|  97|0x000000008a300000, 0x000000008a300000, 0x000000008a400000|  0%| F|  |TAMS 0x000000008a300000| PB 0x000000008a300000| Untracked 
|  98|0x000000008a400000, 0x000000008a400000, 0x000000008a500000|  0%| F|  |TAMS 0x000000008a400000| PB 0x000000008a400000| Untracked 
|  99|0x000000008a500000, 0x000000008a500000, 0x000000008a600000|  0%| F|  |TAMS 0x000000008a500000| PB 0x000000008a500000| Untracked 
| 100|0x000000008a600000, 0x000000008a600000, 0x000000008a700000|  0%| F|  |TAMS 0x000000008a600000| PB 0x000000008a600000| Untracked 
| 101|0x000000008a700000, 0x000000008a700000, 0x000000008a800000|  0%| F|  |TAMS 0x000000008a700000| PB 0x000000008a700000| Untracked 
| 102|0x000000008a800000, 0x000000008a800000, 0x000000008a900000|  0%| F|  |TAMS 0x000000008a800000| PB 0x000000008a800000| Untracked 
| 103|0x000000008a900000, 0x000000008a900000, 0x000000008aa00000|  0%| F|  |TAMS 0x000000008a900000| PB 0x000000008a900000| Untracked 
| 104|0x000000008aa00000, 0x000000008aa00000, 0x000000008ab00000|  0%| F|  |TAMS 0x000000008aa00000| PB 0x000000008aa00000| Untracked 
| 105|0x000000008ab00000, 0x000000008ab00000, 0x000000008ac00000|  0%| F|  |TAMS 0x000000008ab00000| PB 0x000000008ab00000| Untracked 
| 106|0x000000008ac00000, 0x000000008ac00000, 0x000000008ad00000|  0%| F|  |TAMS 0x000000008ac00000| PB 0x000000008ac00000| Untracked 
| 107|0x000000008ad00000, 0x000000008ad00000, 0x000000008ae00000|  0%| F|  |TAMS 0x000000008ad00000| PB 0x000000008ad00000| Untracked 
| 108|0x000000008ae00000, 0x000000008ae00000, 0x000000008af00000|  0%| F|  |TAMS 0x000000008ae00000| PB 0x000000008ae00000| Untracked 
| 109|0x000000008af00000, 0x000000008af00000, 0x000000008b000000|  0%| F|  |TAMS 0x000000008af00000| PB 0x000000008af00000| Untracked 
| 110|0x000000008b000000, 0x000000008b0ec0a0, 0x000000008b100000| 92%| E|  |TAMS 0x000000008b000000| PB 0x000000008b000000| Complete 
| 111|0x000000008b100000, 0x000000008b200000, 0x000000008b200000|100%| E|CS|TAMS 0x000000008b100000| PB 0x000000008b100000| Complete 
| 112|0x000000008b200000, 0x000000008b300000, 0x000000008b300000|100%| E|CS|TAMS 0x000000008b200000| PB 0x000000008b200000| Complete 
| 113|0x000000008b300000, 0x000000008b400000, 0x000000008b400000|100%| E|CS|TAMS 0x000000008b300000| PB 0x000000008b300000| Complete 
| 114|0x000000008b400000, 0x000000008b500000, 0x000000008b500000|100%| E|CS|TAMS 0x000000008b400000| PB 0x000000008b400000| Complete 
| 115|0x000000008b500000, 0x000000008b600000, 0x000000008b600000|100%| E|CS|TAMS 0x000000008b500000| PB 0x000000008b500000| Complete 
| 116|0x000000008b600000, 0x000000008b700000, 0x000000008b700000|100%| E|CS|TAMS 0x000000008b600000| PB 0x000000008b600000| Complete 
| 117|0x000000008b700000, 0x000000008b800000, 0x000000008b800000|100%| E|CS|TAMS 0x000000008b700000| PB 0x000000008b700000| Complete 
| 118|0x000000008b800000, 0x000000008b900000, 0x000000008b900000|100%| E|CS|TAMS 0x000000008b800000| PB 0x000000008b800000| Complete 
| 119|0x000000008b900000, 0x000000008ba00000, 0x000000008ba00000|100%| E|CS|TAMS 0x000000008b900000| PB 0x000000008b900000| Complete 
| 120|0x000000008ba00000, 0x000000008bb00000, 0x000000008bb00000|100%| E|CS|TAMS 0x000000008ba00000| PB 0x000000008ba00000| Complete 
| 121|0x000000008bb00000, 0x000000008bc00000, 0x000000008bc00000|100%| E|CS|TAMS 0x000000008bb00000| PB 0x000000008bb00000| Complete 
| 122|0x000000008bc00000, 0x000000008bd00000, 0x000000008bd00000|100%| E|CS|TAMS 0x000000008bc00000| PB 0x000000008bc00000| Complete 
| 123|0x000000008bd00000, 0x000000008be00000, 0x000000008be00000|100%| E|CS|TAMS 0x000000008bd00000| PB 0x000000008bd00000| Complete 

Card table byte_map: [0x0000027af2250000,0x0000027af2630000] _byte_map_base: 0x0000027af1e2f000

Marking Bits: (CMBitMap*) 0x0000027ad8b7e700
 Bits: [0x0000027af2a10000, 0x0000027af4908000)

Polling page: 0x0000027ad8910000

Metaspace:

Usage:
  Non-class:      9.71 MB used.
      Class:      1.26 MB used.
       Both:     10.97 MB used.

Virtual space:
  Non-class space:       64.00 MB reserved,       9.81 MB ( 15%) committed,  1 nodes.
      Class space:        1.00 GB reserved,       1.38 MB ( <1%) committed,  1 nodes.
             Both:        1.06 GB reserved,      11.19 MB (  1%) committed. 

Chunk freelists:
   Non-Class:  2.15 MB
       Class:  2.60 MB
        Both:  4.74 MB

MaxMetaspaceSize: unlimited
CompressedClassSpaceSize: 1.00 GB
Initial GC threshold: 21.00 MB
Current GC threshold: 21.00 MB
CDS: on
MetaspaceReclaimPolicy: balanced
 - commit_granule_bytes: 65536.
 - commit_granule_words: 8192.
 - virtual_space_node_default_size: 8388608.
 - enlarge_chunks_in_place: 1.
 - new_chunks_are_fully_committed: 0.
 - uncommit_free_chunks: 1.
 - use_allocation_guard: 0.


Internal statistics:

num_allocs_failed_limit: 0.
num_arena_births: 192.
num_arena_deaths: 0.
num_vsnodes_births: 2.
num_vsnodes_deaths: 0.
num_space_committed: 179.
num_space_uncommitted: 0.
num_chunks_returned_to_freelist: 0.
num_chunks_taken_from_freelist: 271.
num_chunk_merges: 0.
num_chunk_splits: 151.
num_chunks_enlarged: 52.
num_inconsistent_stats: 0.

CodeHeap 'non-profiled nmethods': size=120000Kb used=443Kb max_used=443Kb free=119556Kb
 bounds [0x0000027ae9ed0000, 0x0000027aea140000, 0x0000027af1400000]
CodeHeap 'profiled nmethods': size=120000Kb used=3078Kb max_used=3078Kb free=116921Kb
 bounds [0x0000027ae2400000, 0x0000027ae2710000, 0x0000027ae9930000]
CodeHeap 'non-nmethods': size=5760Kb used=1654Kb max_used=1671Kb free=4105Kb
 bounds [0x0000027ae9930000, 0x0000027ae9ba0000, 0x0000027ae9ed0000]
 total_blobs=2347 nmethods=1693 adapters=564
 compilation: enabled
              stopped_count=0, restarted_count=0
 full_count=0

Compilation events (20 events):
Event: 19.196 Thread 0x0000027af73d8a60 nmethod 1686 0x0000027ae2700310 code [0x0000027ae27004a0, 0x0000027ae2700618]
Event: 19.196 Thread 0x0000027af73d8a60 1685       1       sun.awt.geom.Order1::getOrder (2 bytes)
Event: 19.196 Thread 0x0000027af73d6f30 nmethod 1684 0x0000027ae9f3d790 code [0x0000027ae9f3d900, 0x0000027ae9f3d990]
Event: 19.196 Thread 0x0000027af73d8a60 nmethod 1685 0x0000027ae9f3da90 code [0x0000027ae9f3dc00, 0x0000027ae9f3dcc8]
Event: 19.196 Thread 0x0000027af73d6f30 1688       4       java.awt.geom.Rectangle2D$Float::getY (6 bytes)
Event: 19.196 Thread 0x0000027af73d8a60 1687       3       java.awt.geom.Rectangle2D$Float::<init> (5 bytes)
Event: 19.196 Thread 0x0000027af73d8a60 nmethod 1687 0x0000027ae2700710 code [0x0000027ae27008a0, 0x0000027ae2700ac8]
Event: 19.196 Thread 0x0000027af73d8a60 1689       3       java.awt.geom.RectangularShape::setFrameFromDiagonal (49 bytes)
Event: 19.197 Thread 0x0000027af73d6f30 nmethod 1688 0x0000027ae9f3dd90 code [0x0000027ae9f3df00, 0x0000027ae9f3df90]
Event: 19.197 Thread 0x0000027af73d6f30 1691       4       java.awt.geom.Rectangle2D$Float::getHeight (6 bytes)
Event: 19.197 Thread 0x0000027af73d8a60 nmethod 1689 0x0000027ae2700c10 code [0x0000027ae2700da0, 0x0000027ae2701050]
Event: 19.197 Thread 0x0000027af73d8a60 1690       3       java.awt.geom.Rectangle2D$Float::setRect (27 bytes)
Event: 19.197 Thread 0x0000027af73d8a60 nmethod 1690 0x0000027ae2701110 code [0x0000027ae27012a0, 0x0000027ae27013d0]
Event: 19.197 Thread 0x0000027af73d6f30 nmethod 1691 0x0000027ae9f3e090 code [0x0000027ae9f3e200, 0x0000027ae9f3e290]
Event: 19.598 Thread 0x0000027af73d6f30 1692       4       java.security.AccessController::getContext (23 bytes)
Event: 19.604 Thread 0x0000027af73d6f30 nmethod 1692 0x0000027ae9f3e390 code [0x0000027ae9f3e540, 0x0000027ae9f3e8a8]
Event: 19.614 Thread 0x0000027af73d6f30 1693       4       java.awt.Container::getMouseEventTarget (50 bytes)
Event: 19.615 Thread 0x0000027af73d8a60 1694       3       java.awt.geom.AffineTransform::setToTranslation (66 bytes)
Event: 19.615 Thread 0x0000027af73d8a60 nmethod 1694 0x0000027ae2701490 code [0x0000027ae2701620, 0x0000027ae2701888]
Event: 19.615 Thread 0x0000027af73d8a60 1695       3       java.awt.geom.AffineTransform::concatenate (1082 bytes)

GC Heap History (0 events):
No events

Dll operation events (9 events):
Event: 0.005 Loaded shared library C:\Program Files\Java\jdk-20\bin\java.dll
Event: 0.022 Loaded shared library C:\Program Files\Java\jdk-20\bin\jsvml.dll
Event: 0.068 Loaded shared library C:\Program Files\Java\jdk-20\bin\jimage.dll
Event: 0.071 Loaded shared library C:\Program Files\Java\jdk-20\bin\awt.dll
Event: 0.234 Loaded shared library C:\Program Files\Java\jdk-20\bin\freetype.dll
Event: 0.235 Loaded shared library C:\Program Files\Java\jdk-20\bin\fontmanager.dll
Event: 0.262 Loaded shared library C:\Program Files\Java\jdk-20\bin\net.dll
Event: 0.263 Loaded shared library C:\Program Files\Java\jdk-20\bin\nio.dll
Event: 3.541 Loaded shared library C:\Program Files\Java\jdk-20\bin\zip.dll

Deoptimization events (20 events):
Event: 3.565 Thread 0x0000027afbb41f90 DEOPT PACKING pc=0x0000027ae9f1b1dc sp=0x000000eae41fda20
Event: 3.565 Thread 0x0000027afbb41f90 DEOPT UNPACKING pc=0x0000027ae9999d22 sp=0x000000eae41fda00 mode 2
Event: 5.112 Thread 0x0000027afc8bfc50 DEOPT PACKING pc=0x0000027ae240f241 sp=0x000000eae46fd500
Event: 5.112 Thread 0x0000027afc8bfc50 DEOPT UNPACKING pc=0x0000027ae999a4c2 sp=0x000000eae46fc978 mode 0
Event: 6.559 Thread 0x0000027afbb41f90 Uncommon trap: trap_request=0xffffffde fr.pc=0x0000027ae9eeea38 relative=0x00000000000001b8
Event: 6.559 Thread 0x0000027afbb41f90 Uncommon trap: reason=class_check action=maybe_recompile pc=0x0000027ae9eeea38 method=java.lang.String.equals(Ljava/lang/Object;)Z @ 8 c2
Event: 6.559 Thread 0x0000027afbb41f90 DEOPT PACKING pc=0x0000027ae9eeea38 sp=0x000000eae41fceb0
Event: 6.559 Thread 0x0000027afbb41f90 DEOPT UNPACKING pc=0x0000027ae9999d22 sp=0x000000eae41fce38 mode 2
Event: 6.559 Thread 0x0000027afbb41f90 Uncommon trap: trap_request=0xffffffde fr.pc=0x0000027ae9eeea38 relative=0x00000000000001b8
Event: 6.559 Thread 0x0000027afbb41f90 Uncommon trap: reason=class_check action=maybe_recompile pc=0x0000027ae9eeea38 method=java.lang.String.equals(Ljava/lang/Object;)Z @ 8 c2
Event: 6.559 Thread 0x0000027afbb41f90 DEOPT PACKING pc=0x0000027ae9eeea38 sp=0x000000eae41fcde0
Event: 6.559 Thread 0x0000027afbb41f90 DEOPT UNPACKING pc=0x0000027ae9999d22 sp=0x000000eae41fcd68 mode 2
Event: 6.559 Thread 0x0000027afbb41f90 Uncommon trap: trap_request=0xffffffde fr.pc=0x0000027ae9eeea38 relative=0x00000000000001b8
Event: 6.559 Thread 0x0000027afbb41f90 Uncommon trap: reason=class_check action=maybe_recompile pc=0x0000027ae9eeea38 method=java.lang.String.equals(Ljava/lang/Object;)Z @ 8 c2
Event: 6.559 Thread 0x0000027afbb41f90 DEOPT PACKING pc=0x0000027ae9eeea38 sp=0x000000eae41fcd60
Event: 6.559 Thread 0x0000027afbb41f90 DEOPT UNPACKING pc=0x0000027ae9999d22 sp=0x000000eae41fcce8 mode 2
Event: 7.776 Thread 0x0000027afbb41f90 Uncommon trap: trap_request=0xffffffde fr.pc=0x0000027ae9eeea38 relative=0x00000000000001b8
Event: 7.776 Thread 0x0000027afbb41f90 Uncommon trap: reason=class_check action=maybe_recompile pc=0x0000027ae9eeea38 method=java.lang.String.equals(Ljava/lang/Object;)Z @ 8 c2
Event: 7.776 Thread 0x0000027afbb41f90 DEOPT PACKING pc=0x0000027ae9eeea38 sp=0x000000eae41fe0a0
Event: 7.776 Thread 0x0000027afbb41f90 DEOPT UNPACKING pc=0x0000027ae9999d22 sp=0x000000eae41fe028 mode 2

Classes loaded (20 events):
Event: 7.782 Loading class sun/awt/geom/AreaOp$CAGOp done
Event: 7.782 Loading class sun/awt/geom/AreaOp$IntOp done
Event: 7.784 Loading class sun/awt/UngrabEvent
Event: 7.784 Loading class sun/awt/UngrabEvent done
Event: 8.210 Loading class javax/swing/Autoscroller
Event: 8.210 Loading class javax/swing/Autoscroller done
Event: 8.213 Loading class javax/swing/plaf/basic/BasicPopupMenuUI$MouseGrabber$2
Event: 8.213 Loading class javax/swing/plaf/basic/BasicPopupMenuUI$MouseGrabber$2 done
Event: 15.103 Loading class java/awt/Canvas
Event: 15.108 Loading class java/awt/Canvas done
Event: 15.109 Loading class java/awt/Scrollbar
Event: 15.110 Loading class java/awt/Scrollbar done
Event: 16.067 Loading class javax/swing/TimerQueue$DelayedTimer
Event: 16.067 Loading class java/util/concurrent/Delayed
Event: 16.067 Loading class java/util/concurrent/Delayed done
Event: 16.067 Loading class javax/swing/TimerQueue$DelayedTimer done
Event: 16.067 Loading class java/util/concurrent/TimeUnit$1
Event: 16.067 Loading class java/util/concurrent/TimeUnit$1 done
Event: 16.605 Loading class javax/swing/event/CaretListener
Event: 16.605 Loading class javax/swing/event/CaretListener done

Classes unloaded (0 events):
No events

Classes redefined (0 events):
No events

Internal exceptions (18 events):
Event: 0.060 Thread 0x0000027ad8a1dff0 Exception <a 'java/lang/ClassNotFoundException'{0x000000008bc3fce0}: sun/awt/resources/spi/awtProvider> (0x000000008bc3fce0) 
thrown [s\open\src\hotspot\share\classfile\systemDictionary.cpp, line 305]
Event: 0.081 Thread 0x0000027ad8a1dff0 Exception <a 'java/io/FileNotFoundException'{0x000000008bb13038}> (0x000000008bb13038) 
thrown [s\open\src\hotspot\share\prims\jni.cpp, line 519]
Event: 0.085 Thread 0x0000027ad8a1dff0 Exception <a 'java/io/FileNotFoundException'{0x000000008bb3cff8}> (0x000000008bb3cff8) 
thrown [s\open\src\hotspot\share\prims\jni.cpp, line 519]
Event: 0.148 Thread 0x0000027afbb41f90 Exception <a 'java/lang/NoSuchMethodError'{0x000000008b9440c0}: 'void java.lang.invoke.DirectMethodHandle$Holder.invokeSpecial(java.lang.Object, java.lang.Object, java.lang.Object)'> (0x000000008b9440c0) 
thrown [s\open\src\hotspot\share\interpreter\linkResolver.cpp, line 773]
Event: 0.155 Thread 0x0000027afbb41f90 Exception <a 'java/lang/NoSuchMethodError'{0x000000008b96e840}: 'java.lang.Object java.lang.invoke.DirectMethodHandle$Holder.newInvokeSpecial(java.lang.Object, java.lang.Object, java.lang.Object, java.lang.Object, java.lang.Object)'> (0x000000008b96e840) 
thrown [s\open\src\hotspot\share\interpreter\linkResolver.cpp, line 773]
Event: 0.162 Thread 0x0000027afbb41f90 Exception <a 'java/lang/NoSuchMethodError'{0x000000008b815540}: 'java.lang.Object java.lang.invoke.DirectMethodHandle$Holder.invokeStatic(java.lang.Object, int, java.lang.Object)'> (0x000000008b815540) 
thrown [s\open\src\hotspot\share\interpreter\linkResolver.cpp, line 773]
Event: 0.195 Thread 0x0000027afbb41f90 Exception <a 'java/lang/ClassNotFoundException'{0x000000008b8d0198}: com/sun/swing/internal/plaf/metal/resources/spi/metalProvider> (0x000000008b8d0198) 
thrown [s\open\src\hotspot\share\classfile\systemDictionary.cpp, line 305]
Event: 0.196 Thread 0x0000027afbb41f90 Exception <a 'java/lang/ClassNotFoundException'{0x000000008b8d40d8}: com/sun/swing/internal/plaf/basic/resources/spi/basicProvider> (0x000000008b8d40d8) 
thrown [s\open\src\hotspot\share\classfile\systemDictionary.cpp, line 305]
Event: 0.203 Thread 0x0000027afbb41f90 Exception <a 'java/lang/NoSuchMethodError'{0x000000008b8f3af0}: 'int java.lang.invoke.Invokers$Holder.invokeExact_MT(java.lang.Object, java.lang.Object)'> (0x000000008b8f3af0) 
thrown [s\open\src\hotspot\share\interpreter\linkResolver.cpp, line 773]
Event: 0.219 Thread 0x0000027afbb1ac20 Exception <a 'java/lang/NoSuchMethodError'{0x000000008ba0f7d0}: 'void java.lang.invoke.DirectMethodHandle$Holder.invokeVirtual(java.lang.Object, java.lang.Object)'> (0x000000008ba0f7d0) 
thrown [s\open\src\hotspot\share\interpreter\linkResolver.cpp, line 773]
Event: 0.231 Thread 0x0000027afbb41f90 Exception <a 'java/lang/NoSuchMethodError'{0x000000008b723158}: 'void java.lang.invoke.DirectMethodHandle$Holder.invokeStaticInit(java.lang.Object)'> (0x000000008b723158) 
thrown [s\open\src\hotspot\share\interpreter\linkResolver.cpp, line 773]
Event: 1.949 Thread 0x0000027afbb41f90 Exception <a 'java/lang/NoSuchMethodError'{0x000000008b517038}: 'void java.lang.invoke.DirectMethodHandle$Holder.invokeStatic(java.lang.Object, java.lang.Object, java.lang.Object)'> (0x000000008b517038) 
thrown [s\open\src\hotspot\share\interpreter\linkResolver.cpp, line 773]
Event: 1.949 Thread 0x0000027afbb41f90 Exception <a 'java/lang/NoSuchMethodError'{0x000000008b51d480}: 'void java.lang.invoke.DirectMethodHandle$Holder.invokeStatic(java.lang.Object, java.lang.Object)'> (0x000000008b51d480) 
thrown [s\open\src\hotspot\share\interpreter\linkResolver.cpp, line 773]
Event: 2.002 Thread 0x0000027afbb41f90 Exception <a 'java/lang/NoSuchMethodError'{0x000000008b599b70}: 'long java.lang.invoke.DirectMethodHandle$Holder.invokeSpecial(java.lang.Object, java.lang.Object)'> (0x000000008b599b70) 
thrown [s\open\src\hotspot\share\interpreter\linkResolver.cpp, line 773]
Event: 2.003 Thread 0x0000027afbb41f90 Exception <a 'java/lang/NoSuchMethodError'{0x000000008b59d238}: 'long java.lang.invoke.Invokers$Holder.invokeExact_MT(java.lang.Object, java.lang.Object)'> (0x000000008b59d238) 
thrown [s\open\src\hotspot\share\interpreter\linkResolver.cpp, line 773]
Event: 2.008 Thread 0x0000027afbb41f90 Exception <a 'java/lang/NoSuchMethodError'{0x000000008b5c5b90}: static Lcom/book/model/data/Book;.<clinit>()V> (0x000000008b5c5b90) 
thrown [s\open\src\hotspot\share\prims\jni.cpp, line 1105]
Event: 5.112 Thread 0x0000027afc8bfc50 Exception <a 'java/lang/NoSuchMethodError'{0x000000008b2f9220}: 'java.lang.Object java.lang.invoke.DirectMethodHandle$Holder.newInvokeSpecial(java.lang.Object, java.lang.Object, java.lang.Object, int, int, int, int, int)'> (0x000000008b2f9220) 
thrown [s\open\src\hotspot\share\interpreter\linkResolver.cpp, line 773]
Event: 5.154 Thread 0x0000027afbb41f90 Exception <a 'java/lang/NoSuchMethodError'{0x000000008b29b5b0}: 'int java.lang.invoke.DirectMethodHandle$Holder.invokeStatic(java.lang.Object)'> (0x000000008b29b5b0) 
thrown [s\open\src\hotspot\share\interpreter\linkResolver.cpp, line 773]

VM Operations (20 events):
Event: 8.788 Executing VM operation: Cleanup
Event: 8.788 Executing VM operation: Cleanup done
Event: 9.802 Executing VM operation: Cleanup
Event: 9.802 Executing VM operation: Cleanup done
Event: 10.816 Executing VM operation: Cleanup
Event: 10.817 Executing VM operation: Cleanup done
Event: 11.828 Executing VM operation: Cleanup
Event: 11.828 Executing VM operation: Cleanup done
Event: 12.831 Executing VM operation: Cleanup
Event: 12.832 Executing VM operation: Cleanup done
Event: 13.837 Executing VM operation: Cleanup
Event: 13.837 Executing VM operation: Cleanup done
Event: 14.847 Executing VM operation: Cleanup
Event: 14.847 Executing VM operation: Cleanup done
Event: 15.849 Executing VM operation: Cleanup
Event: 15.849 Executing VM operation: Cleanup done
Event: 16.853 Executing VM operation: Cleanup
Event: 16.853 Executing VM operation: Cleanup done
Event: 18.877 Executing VM operation: Cleanup
Event: 18.877 Executing VM operation: Cleanup done

Events (20 events):
Event: 0.022 Thread 0x0000027ad8a1dff0 Thread added: 0x0000027ad8a1dff0
Event: 0.032 Thread 0x0000027af73a60c0 Thread added: 0x0000027af73a60c0
Event: 0.032 Thread 0x0000027af73a6cc0 Thread added: 0x0000027af73a6cc0
Event: 0.033 Thread 0x0000027af73a7c00 Thread added: 0x0000027af73a7c00
Event: 0.033 Thread 0x0000027af73a9680 Thread added: 0x0000027af73a9680
Event: 0.033 Thread 0x0000027af73ab170 Thread added: 0x0000027af73ab170
Event: 0.033 Thread 0x0000027af73adda0 Thread added: 0x0000027af73adda0
Event: 0.033 Thread 0x0000027af73d6f30 Thread added: 0x0000027af73d6f30
Event: 0.033 Thread 0x0000027af73d8a60 Thread added: 0x0000027af73d8a60
Event: 0.044 Thread 0x0000027afb946c20 Thread added: 0x0000027afb946c20
Event: 0.046 Thread 0x0000027afb94f860 Thread added: 0x0000027afb94f860
Event: 0.110 Thread 0x0000027afbb17d40 Thread added: 0x0000027afbb17d40
Event: 0.111 Thread 0x0000027afbb196b0 Thread added: 0x0000027afbb196b0
Event: 0.112 Thread 0x0000027afbb1ac20 Thread added: 0x0000027afbb1ac20
Event: 0.122 Thread 0x0000027afbb41f90 Thread added: 0x0000027afbb41f90
Event: 0.122 Thread 0x0000027ad8a1dff0 Thread exited: 0x0000027ad8a1dff0
Event: 0.122 Thread 0x0000027ad8a1dff0 Thread added: 0x0000027ad8a1dff0
Event: 3.527 Thread 0x0000027afc8c01a0 Thread added: 0x0000027afc8c01a0
Event: 5.108 Thread 0x0000027afc8bfc50 Thread added: 0x0000027afc8bfc50
Event: 10.114 Thread 0x0000027afc8bfc50 Thread exited: 0x0000027afc8bfc50


Dynamic libraries:
0x00007ff793070000 - 0x00007ff793080000 	C:\Program Files\Java\jdk-20\bin\java.exe
0x00007ff9fbb20000 - 0x00007ff9fbd27000 	C:\WINDOWS\SYSTEM32\ntdll.dll
0x00007ff9fb000000 - 0x00007ff9fb0bd000 	C:\WINDOWS\System32\KERNEL32.DLL
0x00007ff9f91d0000 - 0x00007ff9f9542000 	C:\WINDOWS\System32\KERNELBASE.dll
0x00007ff9f9670000 - 0x00007ff9f9781000 	C:\WINDOWS\System32\ucrtbase.dll
0x00007ff9f2f40000 - 0x00007ff9f2f5b000 	C:\Program Files\Java\jdk-20\bin\VCRUNTIME140.dll
0x00007ff9f2f20000 - 0x00007ff9f2f39000 	C:\Program Files\Java\jdk-20\bin\jli.dll
0x00007ff9fb8f0000 - 0x00007ff9fb99c000 	C:\WINDOWS\System32\ADVAPI32.dll
0x00007ff9faf50000 - 0x00007ff9faff3000 	C:\WINDOWS\System32\msvcrt.dll
0x00007ff9faeb0000 - 0x00007ff9faf4d000 	C:\WINDOWS\System32\sechost.dll
0x00007ff9fa650000 - 0x00007ff9fa771000 	C:\WINDOWS\System32\RPCRT4.dll
0x00007ff9fad00000 - 0x00007ff9faeac000 	C:\WINDOWS\System32\USER32.dll
0x00007ff9cf090000 - 0x00007ff9cf335000 	C:\WINDOWS\WinSxS\amd64_microsoft.windows.common-controls_6595b64144ccf1df_6.0.21996.1_none_7d6b053978bcd706\COMCTL32.dll
0x00007ff9f90e0000 - 0x00007ff9f9106000 	C:\WINDOWS\System32\win32u.dll
0x00007ff9fb0c0000 - 0x00007ff9fb0e9000 	C:\WINDOWS\System32\GDI32.dll
0x00007ff9f9550000 - 0x00007ff9f9662000 	C:\WINDOWS\System32\gdi32full.dll
0x00007ff9f9040000 - 0x00007ff9f90dd000 	C:\WINDOWS\System32\msvcp_win.dll
0x00007ff9f2100000 - 0x00007ff9f210a000 	C:\WINDOWS\SYSTEM32\VERSION.dll
0x00007ff9f9bb0000 - 0x00007ff9f9be1000 	C:\WINDOWS\System32\IMM32.DLL
0x00007ff9f2f10000 - 0x00007ff9f2f1c000 	C:\Program Files\Java\jdk-20\bin\vcruntime140_1.dll
0x00007ff9db760000 - 0x00007ff9db7ee000 	C:\Program Files\Java\jdk-20\bin\msvcp140.dll
0x00007ff99a080000 - 0x00007ff99ad18000 	C:\Program Files\Java\jdk-20\bin\server\jvm.dll
0x00007ff9f2ca0000 - 0x00007ff9f2cd3000 	C:\WINDOWS\SYSTEM32\WINMM.dll
0x00007ff9e6390000 - 0x00007ff9e6399000 	C:\WINDOWS\SYSTEM32\WSOCK32.dll
0x00007ff9fb650000 - 0x00007ff9fb6bf000 	C:\WINDOWS\System32\WS2_32.dll
0x00007ff9f8260000 - 0x00007ff9f8277000 	C:\WINDOWS\SYSTEM32\kernel.appcore.dll
0x00007ff9ef4e0000 - 0x00007ff9ef4ea000 	C:\Program Files\Java\jdk-20\bin\jimage.dll
0x00007ff9f6cc0000 - 0x00007ff9f6ee1000 	C:\WINDOWS\SYSTEM32\DBGHELP.DLL
0x00007ff9ee690000 - 0x00007ff9ee6c1000 	C:\WINDOWS\SYSTEM32\dbgcore.DLL
0x00007ff9f9790000 - 0x00007ff9f9810000 	C:\WINDOWS\System32\bcryptPrimitives.dll
0x00007ff9ebfc0000 - 0x00007ff9ebfe6000 	C:\Program Files\Java\jdk-20\bin\java.dll
0x00007ff9c0d20000 - 0x00007ff9c0df7000 	C:\Program Files\Java\jdk-20\bin\jsvml.dll
0x00007ff9f9ee0000 - 0x00007ff9fa649000 	C:\WINDOWS\System32\SHELL32.dll
0x00007ff9f7140000 - 0x00007ff9f7998000 	C:\WINDOWS\SYSTEM32\windows.storage.dll
0x00007ff9fa870000 - 0x00007ff9fabe5000 	C:\WINDOWS\System32\combase.dll
0x00007ff9f6fd0000 - 0x00007ff9f7136000 	C:\WINDOWS\SYSTEM32\wintypes.dll
0x00007ff9fa780000 - 0x00007ff9fa86a000 	C:\WINDOWS\System32\SHCORE.dll
0x00007ff9fabf0000 - 0x00007ff9fac4d000 	C:\WINDOWS\System32\shlwapi.dll
0x00007ff9f8f70000 - 0x00007ff9f8f91000 	C:\WINDOWS\SYSTEM32\profapi.dll
0x00007ff9c0710000 - 0x00007ff9c08a1000 	C:\Program Files\Java\jdk-20\bin\awt.dll
0x00007ff9fb9a0000 - 0x00007ff9fba76000 	C:\WINDOWS\System32\OLEAUT32.dll
0x00007ff9f5aa0000 - 0x00007ff9f5b32000 	C:\WINDOWS\SYSTEM32\apphelp.dll
0x00007ff9f5b60000 - 0x00007ff9f5c0c000 	C:\WINDOWS\system32\uxtheme.dll
0x00007ff9f9bf0000 - 0x00007ff9f9d0e000 	C:\WINDOWS\System32\MSCTF.dll
0x00007ff9f99f0000 - 0x00007ff9f9b8a000 	C:\WINDOWS\System32\ole32.dll
0x00007ff9f67b0000 - 0x00007ff9f67e0000 	C:\WINDOWS\system32\DWMAPI.DLL
0x00007ff9e52c0000 - 0x00007ff9e53c1000 	C:\WINDOWS\system32\opengl32.dll
0x00007ff9e5060000 - 0x00007ff9e508d000 	C:\WINDOWS\SYSTEM32\GLU32.dll
0x00007ff9f65f0000 - 0x00007ff9f6628000 	C:\WINDOWS\SYSTEM32\dxcore.dll
0x00007ff9db6d0000 - 0x00007ff9db756000 	C:\Program Files\Java\jdk-20\bin\freetype.dll
0x00007ff9b4030000 - 0x00007ff9b4103000 	C:\Program Files\Java\jdk-20\bin\fontmanager.dll
0x00007ff9ecc20000 - 0x00007ff9ecc33000 	C:\Program Files\Java\jdk-20\bin\net.dll
0x00007ff9f2b90000 - 0x00007ff9f2c9c000 	C:\WINDOWS\SYSTEM32\WINHTTP.dll
0x00007ff9f8670000 - 0x00007ff9f86d7000 	C:\WINDOWS\system32\mswsock.dll
0x00007ff9eb360000 - 0x00007ff9eb376000 	C:\Program Files\Java\jdk-20\bin\nio.dll
0x00007ff9ca8c0000 - 0x00007ff9ca9ec000 	C:\WINDOWS\SYSTEM32\textinputframework.dll
0x00007ff9f5340000 - 0x00007ff9f546c000 	C:\WINDOWS\SYSTEM32\CoreMessaging.dll
0x00007ff9f0800000 - 0x00007ff9f0b6d000 	C:\WINDOWS\SYSTEM32\CoreUIComponents.dll
0x00007ff9f88d0000 - 0x00007ff9f88dc000 	C:\WINDOWS\SYSTEM32\CRYPTBASE.DLL
0x00007ff9fac50000 - 0x00007ff9facff000 	C:\WINDOWS\System32\clbcatq.dll
0x00007ff9ef550000 - 0x00007ff9ef6fe000 	C:\WINDOWS\SYSTEM32\WindowsCodecs.dll
0x00007ff9e16c0000 - 0x00007ff9e171d000 	C:\WINDOWS\system32\dataexchange.dll
0x00007ff9ec060000 - 0x00007ff9ec2be000 	C:\WINDOWS\system32\twinapi.appcore.dll
0x00007ff9e2820000 - 0x00007ff9e2838000 	C:\Program Files\Java\jdk-20\bin\zip.dll

dbghelp: loaded successfully - version: 4.0.5 - missing functions: none
symbol engine: initialized successfully - sym options: 0x614 - pdb path: .;C:\Program Files\Java\jdk-20\bin;C:\WINDOWS\SYSTEM32;C:\WINDOWS\WinSxS\amd64_microsoft.windows.common-controls_6595b64144ccf1df_6.0.21996.1_none_7d6b053978bcd706;C:\Program Files\Java\jdk-20\bin\server

VM Arguments:
java_command: com.book.BookMain
java_class_path (initial): .
Launcher Type: SUN_STANDARD

[Global flags]
     intx CICompilerCount                          = 4                                         {product} {ergonomic}
     uint ConcGCThreads                            = 2                                         {product} {ergonomic}
     uint G1ConcRefinementThreads                  = 8                                         {product} {ergonomic}
   size_t G1HeapRegionSize                         = 1048576                                   {product} {ergonomic}
    uintx GCDrainStackTargetSize                   = 64                                        {product} {ergonomic}
   size_t InitialHeapSize                          = 130023424                                 {product} {ergonomic}
   size_t MarkStackSize                            = 4194304                                   {product} {ergonomic}
   size_t MaxHeapSize                              = 2078277632                                {product} {ergonomic}
   size_t MaxNewSize                               = 1246756864                                {product} {ergonomic}
   size_t MinHeapDeltaBytes                        = 1048576                                   {product} {ergonomic}
   size_t MinHeapSize                              = 8388608                                   {product} {ergonomic}
    uintx NonNMethodCodeHeapSize                   = 5839372                                {pd product} {ergonomic}
    uintx NonProfiledCodeHeapSize                  = 122909434                              {pd product} {ergonomic}
    uintx ProfiledCodeHeapSize                     = 122909434                              {pd product} {ergonomic}
    uintx ReservedCodeCacheSize                    = 251658240                              {pd product} {ergonomic}
     bool SegmentedCodeCache                       = true                                      {product} {ergonomic}
   size_t SoftMaxHeapSize                          = 2078277632                             {manageable} {ergonomic}
     bool UseCompressedClassPointers               = true                           {product lp64_product} {ergonomic}
     bool UseCompressedOops                        = true                           {product lp64_product} {ergonomic}
     bool UseG1GC                                  = true                                      {product} {ergonomic}
     bool UseLargePagesIndividualAllocation        = false                                  {pd product} {ergonomic}

Logging:
Log output configuration:
 #0: stdout all=warning uptime,level,tags foldmultilines=false
 #1: stderr all=off uptime,level,tags foldmultilines=false

Environment Variables:
JAVA_HOME=C:\Program Files\Android\Android Studio\jre
PATH=C:\Python312\Scripts\;C:\Python312\;C:\Program Files\Common Files\Oracle\Java\javapath;C:\WINDOWS\system32;C:\WINDOWS;C:\WINDOWS\System32\Wbem;C:\WINDOWS\System32\WindowsPowerShell\v1.0\;C:\WINDOWS\System32\OpenSSH\;C:\Program Files\Android\Android Studio\jre\bin;C:\Program Files\Git\cmd;C:\Users\My PC\AppData\Local\Programs\Python\Python37-32;C:\Program Files\Apache Software Foundation\Tomcat 10.0\bin;C:\Program Files\dotnet\;C:\Program Files (x86)\Intel\Intel(R) Management Engine Components\DAL;C:\Program Files\Intel\Intel(R) Management Engine Components\DAL;C:\ProgramData\ComposerSetup\bin;C:\ProgramData\chocolatey\bin;C:\Program Files\Azure Data Studio\bin;C:\Program Files\Microsoft SQL Server\Client SDK\ODBC\170\Tools\Binn\;C:\Program Files (x86)\Microsoft SQL Server\150\Tools\Binn\;C:\Program Files\Microsoft SQL Server\150\Tools\Binn\;C:\Program Files\Microsoft SQL Server\150\DTS\Binn\;C:\Users\My PC\AppData\Roaming\nvm;C:\Program Files\nodejs;C:\Program Files\Docker\Docker\resources\bin;D:\xampp\php;C:\Users\My PC\AppData\Local\Programs\Python\Python310\Scripts\;C:\Users\My PC\AppData\Local\Programs\Python\Python310\;C:\Users\My PC\AppData\Local\Microsoft\WindowsApps;C:\Program Files\Azure Data Studio\bin;C:\Users\My PC\AppData\Local\Programs\Microsoft VS Code\bin;C:\Users\My PC\AppData\Local\Programs\Python\Python37-32\Scripts;E:\Intejij\IntelliJ IDEA 2021.3.2\bin;;C:\Program Files\Apache Software Foundation\Tomcat 10.0\bin;C:\Program Files\heroku\bin;C:\Users\My PC\AppData\Roaming\Composer\vendor\bin;C:\Program Files\Java\jdk-20\bin;C:\MinGW\bin;C:\Users\My PC\.dotnet\tools;C:\Program Files\Azure Data Studio\bin;C:\Users\My PC\AppData\Roaming\npm;C:\Users\My PC\AppData\Roaming\nvm;C:\Program Files\nodejs;C:\ghcup\bin
USERNAME=My PC
LANG=en_US.UTF-8
OS=Windows_NT
PROCESSOR_IDENTIFIER=Intel64 Family 6 Model 142 Stepping 10, GenuineIntel
TMP=C:\Users\MYPC~1\AppData\Local\Temp
TEMP=C:\Users\MYPC~1\AppData\Local\Temp




---------------  S Y S T E M  ---------------

OS:
 Windows 10 , 64 bit Build 21996 (10.0.21996.1)
OS uptime: 7 days 10:30 hours
Hyper-V role detected

CPU: total 8 (initial active 8) (4 cores per cpu, 2 threads per core) family 6 model 142 stepping 10 microcode 0xec, cx8, cmov, fxsr, ht, mmx, 3dnowpref, sse, sse2, sse3, ssse3, sse4.1, sse4.2, popcnt, lzcnt, tsc, tscinvbit, avx, avx2, aes, erms, clmul, bmi1, bmi2, adx, fma, vzeroupper, clflush, clflushopt, hv, rdtscp, f16c

Memory: 4k page, system-wide physical 7924M (825M free)
TotalPageFile size 32500M (AvailPageFile size 122M)
current process WorkingSet (physical memory assigned to process): 85M, peak: 87M
current process commit charge ("private bytes"): 231M, peak: 233M

vm_info: Java HotSpot(TM) 64-Bit Server VM (20.0.2+9-78) for windows-amd64 JRE (20.0.2+9-78), built on 2023-06-14T10:08:48Z by "mach5one" with MS VC++ 17.1 (VS2022)

END.
